4:20:36 AM	Info	id.yrb58o9d98ji Hornet
4:20:36 AM	Info	id.w0hxkbip0bu9 Incomparable
4:20:36 AM	Info	id.jtq3xxx20b39 KM CVs
4:20:36 AM	Info	id.vdik1jbjz4ag Anshan
4:20:36 AM	Info	id.yi7xyv57z6z3 Yoshino
4:20:36 AM	Info	id.jyprori5bb2n Druid
4:20:36 AM	Info	id.r6wbgmuzr7r9 FR DDs
4:20:36 AM	Info	id.rdq0zskmppym Fen Yang
4:20:36 AM	Info	id.j0pgh5w41soz Tone
4:20:36 AM	Info	id.xmhlvj8g3fhk Vampire II
4:20:36 AM	Info	id.r9dz6zw287lw Leone
4:20:36 AM	Info	id.5i3cdfaeerq8 Plymouth
4:20:36 AM	Info	id.owmpjybi48qx FR CAs
4:20:37 AM	Info	id.6kd121r9y0t7 Sevastopol
4:20:37 AM	Info	id.h5yy00r2h2oa VMF CVs
4:20:37 AM	Info	id.9xwgg0d91053 USN CVs
4:20:37 AM	Info	id.rxemlmow4nbk Colbert
4:20:37 AM	Info	id.bnltpu6mgqvp United States
4:20:37 AM	Info	id.rphaz29mh1e6 Hampshire
4:20:37 AM	Info	id.aucg5mglcoal Nevsky
4:20:37 AM	Info	id.9fg4q4p9t3ev Venezia
4:20:37 AM	Info	id.qtolc4x83d75 Thunderer, RN BBs and some premiums
4:20:37 AM	Info	id.gisw4xyzdbl3 Elbing
4:20:37 AM	Info	id.cuqerje3k66a Atlanta, Flint
4:20:37 AM	Info	id.8iw4mlnq3joj IT CAs
4:20:37 AM	Info	id.3s6krd2jzxbz IJN gunboats
4:20:37 AM	Info	id.3w05jwohl0d Nevsky, Donskoi
4:20:37 AM	Info	id.6cuvyjy1udau Franklin D. Roosevelt
4:20:37 AM	Info	id.d1ye8itehqb3 Goliath
4:20:37 AM	Info	id.2qajsumowvhs Generic torpedoboat build
4:20:37 AM	Info	id.6ohwaiidmn9h Orkan
4:20:37 AM	Info	id.ixgdmvl3rc7f Repulse
4:20:37 AM	Info	id.o385dmp9wb3l USN fast BB branch
4:20:37 AM	Info	id.g810x27hzf17 Napoli
4:20:37 AM	Info	id.99nlj2fbpusb Huanghe
4:20:37 AM	Info	id.7acpd5vlc5d8 Orkan
4:20:37 AM	Info	id.gt08mamfvnmr KM DDs gunboat branch
4:20:37 AM	Info	id.yq4xm08i9990 FR CAs sub-branch
4:20:37 AM	Info	id.c6436n7vehf0 RN (British) DDs
4:20:37 AM	Info	id.v8j5t94cbfyz Carnot
4:20:37 AM	Info	id.2z9kcywx23hy Siliwangi
4:20:37 AM	Info	id.abmw2hixp5zg ZF-6
4:20:37 AM	Info	id.3lljf5bxnjsn Gibraltar
4:20:37 AM	Info	id.2on753u4kx9h Perth
4:20:37 AM	Info	id.xrdhjtsd5fcd RN CLs
4:20:37 AM	Info	id.c5qew6k8p89y Forrest Sherman
4:20:37 AM	Info	id.f0h4gikm191p Kidd
4:20:37 AM	Info	id.lqi9zkga9bz9 Zao
4:20:37 AM	Info	id.h4j2ipd9vlrw IJN CVs
4:20:37 AM	Info	id.74ml0tnjblth Worcester
4:20:37 AM	Info	id.m7k8fzvnx0mp Bourgogne, JB, Strasbourg
4:20:37 AM	Info	id.3ccr5zavzs1c IT BBs
4:20:37 AM	Info	id.rsqm3eck9bx5 EU DDs
4:20:37 AM	Info	id.s4ifvwth8uo6 E. Löwenhardt
4:20:37 AM	Info	id.f3ls5khbk9v2 Atlântico
4:20:37 AM	Info	id.8x0ciu5s5sx3 Odin
4:20:37 AM	Info	id.ge50xdjdqgi6 Haida
4:20:37 AM	Info	id.oy8926jqgti7 Indomitable
4:20:37 AM	Info	id.t7rax48q5vb6 Giuseppe Verdi
4:20:37 AM	Info	id.5a668u6op21p Montana
4:20:37 AM	Info	id.k4esnqvf8wbe Yuubari
4:20:37 AM	Info	id.pg3ugjokavb0 Brandenburg
4:20:37 AM	Info	id.vox2pa6t0jj6 Bayard
4:20:37 AM	Info	id.z4zs5ry27xxs Worcester
4:20:37 AM	Info	id.ptnef125wkec Småland
4:20:37 AM	Info	id.2qs4tz8ramnu RN CVs
4:20:37 AM	Info	id.bise7uvv0z04 Neustrashimy
4:20:37 AM	Info	id.zhjoj6qvmu95 Superheal RN BBs
4:20:37 AM	Info	id.541kyfsrmxzg Álvaro de Bazán
4:20:37 AM	Info	id.firiu64x1q00 Champagne
4:20:37 AM	Info	id.t9yczqxr24us Ragnar
4:20:37 AM	Info	id.flq1sy2akkhg Mecklenburg
4:20:37 AM	Info	id.3xhi7r1gzroi Kléber
4:20:37 AM	Info	id.hwzbaexcrpiy Loyang
4:20:37 AM	Info	id.17r3seq56mm7 IJN BBs
4:20:37 AM	Info	id.k8vpmfgn527n Ohio
4:20:37 AM	Info	id.mzd9tsk8069m Black
4:20:37 AM	Info	id.q7joipudn9br KM BCs
4:20:37 AM	Info	id.965tufw5ty8g VMF BBs
4:20:37 AM	Info	id.c96ef28v5utj Smolensk
4:20:37 AM	Info	id.mynw49aoevnb De Zeven Provinciën
4:20:37 AM	Info	id.aym8pk9tihm5 Canarias
4:20:37 AM	Info	id.busiua9d7xbc Weimar
4:20:37 AM	Info	id.3weaof3wvn28 Hindenburg, Roon
4:20:37 AM	Info	id.x8foca204fuw KM subs
4:20:37 AM	Info	id.1sq6ys2bkopu RN BCs
4:20:37 AM	Info	id.o7ezdtamp82f Druid
4:20:37 AM	Info	id.vtvx2jctjhvw Mikasa, Agincourt
4:20:37 AM	Info	id.o6809xa6q0aq Blyskawica
4:20:37 AM	Info	id.je3j63gc2udz Slava
4:20:37 AM	Info	id.t4o0zyphy5mv USN super-dreadnought BB branch
4:20:37 AM	Info	id.357wotaqgbkz Béarn
4:20:37 AM	Info	id.1hwrnias4b7x VMF DDs sub-branch
4:20:37 AM	Info	id.w1og65wzzg6h Henri IV
4:20:37 AM	Info	id.tqzkmc1fti3z USN and PA DDs
4:20:37 AM	Info	id.y2ca90mt5psb Bagration, Molotov, Kirov
4:20:37 AM	Info	id.fbc02rax2mxt Austin
4:20:37 AM	Info	id.uny55pwq7wv KM BBs
4:20:37 AM	Info	id.9hf91bph8i31 Marceau
4:20:37 AM	Info	id.ybm0dhobaoge KM CAs
4:20:37 AM	Info	id.jmwr902j7zlj Friesland/Groningen
4:20:37 AM	Info	id.h2zbcoulwrs6 IT DDs
4:20:37 AM	Info	id.373nc57o1yqr Moskva
4:20:37 AM	Info	id.9rbp9jxf22bf Harugumo only farming build
4:20:37 AM	Info	id.a7yp1qfz0y8 FR BB tree and some premiums
4:20:37 AM	Info	id.o56fx6liae6o  Traditional light cruiser build
4:20:37 AM	Info	id.vh7pdk69v5j3 Georgia
4:20:37 AM	Info	id.wpg7sebec4hy PA CLs
4:20:37 AM	Info	id.xbeu8qq1noah Salem
4:20:37 AM	Info	id.rgukyvcfofjs NL CAs
4:20:37 AM	Info	id.9klpenssnqn4 USN subs
4:20:37 AM	Info	id.kva9i1xlskob USN CAs
4:20:37 AM	Info	id.blqxm8hzmlqk Battlecruiser build
4:20:37 AM	Info	id.41we9xypcyai San Diego
4:20:37 AM	Info	id.y9y8msu27u6u VMF (Soviet) DDs, main branch
4:20:37 AM	Info	id.l35dsm78vgs1 RN CAs
4:20:37 AM	Info	id.dh6i307yqt54 KM (German) DDs main and Z sub-branch
4:20:37 AM	Info	id.kcjxptc81stg Mainz
4:20:37 AM	Info	id.wy30pyqqogqk Dido
4:20:37 AM	Info	id.urzuudny2aq Hayate
4:20:37 AM	Info	id.iidpt32z9ctw IJN CAs
4:20:37 AM	Info	id.vpwtkdmq4auq Roma
4:20:37 AM	Info	id.tixw05leg201 Yoshino
4:20:37 AM	Info	id.d30pawhosd85 Kléber, Mogador
4:20:37 AM	Info	id.w1bg6dmfq5wp Max Immelmann
4:20:37 AM	Info	id.lu82gpkcn2yz Dalian
4:20:37 AM	Info	id.ta054wt1ioia Eagle